[    1187ms] [ERROR] Failed to load resource: the server responded with a status of 404 () @ https://manager.eu.ovhcloud.com/translations/communications/Messages_fr_FR.json:0
[    1223ms] [WARNING] An iframe which has both allow-scripts and allow-same-origin for its sandbox attribute can escape its sandboxing. @ about:srcdoc:0
[    1276ms] [LOG] %cODS %cOdsRadioController color: white;background:#004fd6;font-weight: bold; font-size:10px; padding:2px 6px; border-radius: 5px 0px 0px 5px color: black;background:#d4e0e7;font-weight: bold; font-size:10px; padding:2px 6px; border-radius: 0px 5px 5px 0px [radio=classic] connectedCallback @ https://manager.eu.ovhcloud.com/assets/index-rcFadDq0.js:49
[    1276ms] [LOG] %cODS %cOdsRadioController color: white;background:#004fd6;font-weight: bold; font-size:10px; padding:2px 6px; border-radius: 5px 0px 0px 5px color: black;background:#d4e0e7;font-weight: bold; font-size:10px; padding:2px 6px; border-radius: 0px 5px 5px 0px [radio=classic] checked changed. update child {checked: true} @ https://manager.eu.ovhcloud.com/assets/index-rcFadDq0.js:49
[    1276ms] [LOG] %cODS %cOdsRadioController color: white;background:#004fd6;font-weight: bold; font-size:10px; padding:2px 6px; border-radius: 5px 0px 0px 5px color: black;background:#d4e0e7;font-weight: bold; font-size:10px; padding:2px 6px; border-radius: 0px 5px 5px 0px [radio=classic] disabled changed. update child {disabled: false} @ https://manager.eu.ovhcloud.com/assets/index-rcFadDq0.js:49
[    1277ms] [LOG] %cODS %cOdsRadioGroupController color: white;background:#004fd6;font-weight: bold; font-size:10px; padding:2px 6px; border-radius: 5px 0px 0px 5px color: black;background:#d4e0e7;font-weight: bold; font-size:10px; padding:2px 6px; border-radius: 0px 5px 5px 0px [radio-group=ods-radio-group-7] registerRadio {radio: osds-radio} @ https://manager.eu.ovhcloud.com/assets/index-rcFadDq0.js:49
[    1277ms] [LOG] %cODS %cOdsRadioController color: white;background:#004fd6;font-weight: bold; font-size:10px; padding:2px 6px; border-radius: 5px 0px 0px 5px color: black;background:#d4e0e7;font-weight: bold; font-size:10px; padding:2px 6px; border-radius: 0px 5px 5px 0px [radio=classic] updateState  classic @ https://manager.eu.ovhcloud.com/assets/index-rcFadDq0.js:49
[    1278ms] [LOG] %cODS %cOdsRadioController color: white;background:#004fd6;font-weight: bold; font-size:10px; padding:2px 6px; border-radius: 5px 0px 0px 5px color: black;background:#d4e0e7;font-weight: bold; font-size:10px; padding:2px 6px; border-radius: 0px 5px 5px 0px [radio=beta] connectedCallback @ https://manager.eu.ovhcloud.com/assets/index-rcFadDq0.js:49
[    1278ms] [LOG] %cODS %cOdsRadioController color: white;background:#004fd6;font-weight: bold; font-size:10px; padding:2px 6px; border-radius: 5px 0px 0px 5px color: black;background:#d4e0e7;font-weight: bold; font-size:10px; padding:2px 6px; border-radius: 0px 5px 5px 0px [radio=beta] checked changed. update child {checked: false} @ https://manager.eu.ovhcloud.com/assets/index-rcFadDq0.js:49
[    1278ms] [LOG] %cODS %cOdsRadioController color: white;background:#004fd6;font-weight: bold; font-size:10px; padding:2px 6px; border-radius: 5px 0px 0px 5px color: black;background:#d4e0e7;font-weight: bold; font-size:10px; padding:2px 6px; border-radius: 0px 5px 5px 0px [radio=beta] disabled changed. update child {disabled: false} @ https://manager.eu.ovhcloud.com/assets/index-rcFadDq0.js:49
[    1278ms] [LOG] %cODS %cOdsRadioGroupController color: white;background:#004fd6;font-weight: bold; font-size:10px; padding:2px 6px; border-radius: 5px 0px 0px 5px color: black;background:#d4e0e7;font-weight: bold; font-size:10px; padding:2px 6px; border-radius: 0px 5px 5px 0px [radio-group=ods-radio-group-7] registerRadio {radio: osds-radio} @ https://manager.eu.ovhcloud.com/assets/index-rcFadDq0.js:49
[    1278ms] [LOG] %cODS %cOdsRadioController color: white;background:#004fd6;font-weight: bold; font-size:10px; padding:2px 6px; border-radius: 5px 0px 0px 5px color: black;background:#d4e0e7;font-weight: bold; font-size:10px; padding:2px 6px; border-radius: 0px 5px 5px 0px [radio=beta] updateState  beta @ https://manager.eu.ovhcloud.com/assets/index-rcFadDq0.js:49
[    2244ms] [LOG] %cODS %cOdsRadioController color: white;background:#004fd6;font-weight: bold; font-size:10px; padding:2px 6px; border-radius: 5px 0px 0px 5px color: black;background:#d4e0e7;font-weight: bold; font-size:10px; padding:2px 6px; border-radius: 0px 5px 5px 0px [radio=classic] checked changed. update child {checked: true} @ https://manager.eu.ovhcloud.com/assets/index-rcFadDq0.js:49
[    2244ms] [LOG] %cODS %cOdsRadioController color: white;background:#004fd6;font-weight: bold; font-size:10px; padding:2px 6px; border-radius: 5px 0px 0px 5px color: black;background:#d4e0e7;font-weight: bold; font-size:10px; padding:2px 6px; border-radius: 0px 5px 5px 0px [radio=classic] disabled changed. update child {disabled: false} @ https://manager.eu.ovhcloud.com/assets/index-rcFadDq0.js:49
[    2244ms] [LOG] %cODS %cOdsRadioController color: white;background:#004fd6;font-weight: bold; font-size:10px; padding:2px 6px; border-radius: 5px 0px 0px 5px color: black;background:#d4e0e7;font-weight: bold; font-size:10px; padding:2px 6px; border-radius: 0px 5px 5px 0px [radio=beta] checked changed. update child {checked: false} @ https://manager.eu.ovhcloud.com/assets/index-rcFadDq0.js:49
[    2244ms] [LOG] %cODS %cOdsRadioController color: white;background:#004fd6;font-weight: bold; font-size:10px; padding:2px 6px; border-radius: 5px 0px 0px 5px color: black;background:#d4e0e7;font-weight: bold; font-size:10px; padding:2px 6px; border-radius: 0px 5px 5px 0px [radio=beta] disabled changed. update child {disabled: false} @ https://manager.eu.ovhcloud.com/assets/index-rcFadDq0.js:49
[   21200ms] [ERROR] Failed to load resource: net::ERR_CONNECTION_RESET @ https://manager.eu.ovhcloud.com/web-domains/assets/index-H7flEYcH.js:0
[11368107ms] [ERROR] Failed to load resource: the server responded with a status of 404 () @ https://manager.eu.ovhcloud.com/translations/communications/Messages_fr_FR.json:0
[11368171ms] [WARNING] An iframe which has both allow-scripts and allow-same-origin for its sandbox attribute can escape its sandboxing. @ about:srcdoc:0
[11368180ms] [LOG] %cODS %cOdsRadioController color: white;background:#004fd6;font-weight: bold; font-size:10px; padding:2px 6px; border-radius: 5px 0px 0px 5px color: black;background:#d4e0e7;font-weight: bold; font-size:10px; padding:2px 6px; border-radius: 0px 5px 5px 0px [radio=classic] connectedCallback @ https://manager.eu.ovhcloud.com/assets/index-D8Id-mUt.js:49
[11368181ms] [LOG] %cODS %cOdsRadioController color: white;background:#004fd6;font-weight: bold; font-size:10px; padding:2px 6px; border-radius: 5px 0px 0px 5px color: black;background:#d4e0e7;font-weight: bold; font-size:10px; padding:2px 6px; border-radius: 0px 5px 5px 0px [radio=classic] checked changed. update child {checked: true} @ https://manager.eu.ovhcloud.com/assets/index-D8Id-mUt.js:49
[11368181ms] [LOG] %cODS %cOdsRadioController color: white;background:#004fd6;font-weight: bold; font-size:10px; padding:2px 6px; border-radius: 5px 0px 0px 5px color: black;background:#d4e0e7;font-weight: bold; font-size:10px; padding:2px 6px; border-radius: 0px 5px 5px 0px [radio=classic] disabled changed. update child {disabled: false} @ https://manager.eu.ovhcloud.com/assets/index-D8Id-mUt.js:49
[11368181ms] [LOG] %cODS %cOdsRadioGroupController color: white;background:#004fd6;font-weight: bold; font-size:10px; padding:2px 6px; border-radius: 5px 0px 0px 5px color: black;background:#d4e0e7;font-weight: bold; font-size:10px; padding:2px 6px; border-radius: 0px 5px 5px 0px [radio-group=ods-radio-group-1] registerRadio {radio: osds-radio} @ https://manager.eu.ovhcloud.com/assets/index-D8Id-mUt.js:49
[11368182ms] [LOG] %cODS %cOdsRadioController color: white;background:#004fd6;font-weight: bold; font-size:10px; padding:2px 6px; border-radius: 5px 0px 0px 5px color: black;background:#d4e0e7;font-weight: bold; font-size:10px; padding:2px 6px; border-radius: 0px 5px 5px 0px [radio=classic] updateState  classic @ https://manager.eu.ovhcloud.com/assets/index-D8Id-mUt.js:49
[11368182ms] [LOG] %cODS %cOdsRadioController color: white;background:#004fd6;font-weight: bold; font-size:10px; padding:2px 6px; border-radius: 5px 0px 0px 5px color: black;background:#d4e0e7;font-weight: bold; font-size:10px; padding:2px 6px; border-radius: 0px 5px 5px 0px [radio=beta] connectedCallback @ https://manager.eu.ovhcloud.com/assets/index-D8Id-mUt.js:49
[11368183ms] [LOG] %cODS %cOdsRadioController color: white;background:#004fd6;font-weight: bold; font-size:10px; padding:2px 6px; border-radius: 5px 0px 0px 5px color: black;background:#d4e0e7;font-weight: bold; font-size:10px; padding:2px 6px; border-radius: 0px 5px 5px 0px [radio=beta] checked changed. update child {checked: false} @ https://manager.eu.ovhcloud.com/assets/index-D8Id-mUt.js:49
[11368183ms] [LOG] %cODS %cOdsRadioController color: white;background:#004fd6;font-weight: bold; font-size:10px; padding:2px 6px; border-radius: 5px 0px 0px 5px color: black;background:#d4e0e7;font-weight: bold; font-size:10px; padding:2px 6px; border-radius: 0px 5px 5px 0px [radio=beta] disabled changed. update child {disabled: false} @ https://manager.eu.ovhcloud.com/assets/index-D8Id-mUt.js:49
[11368183ms] [LOG] %cODS %cOdsRadioGroupController color: white;background:#004fd6;font-weight: bold; font-size:10px; padding:2px 6px; border-radius: 5px 0px 0px 5px color: black;background:#d4e0e7;font-weight: bold; font-size:10px; padding:2px 6px; border-radius: 0px 5px 5px 0px [radio-group=ods-radio-group-1] registerRadio {radio: osds-radio} @ https://manager.eu.ovhcloud.com/assets/index-D8Id-mUt.js:49
[11368183ms] [LOG] %cODS %cOdsRadioController color: white;background:#004fd6;font-weight: bold; font-size:10px; padding:2px 6px; border-radius: 5px 0px 0px 5px color: black;background:#d4e0e7;font-weight: bold; font-size:10px; padding:2px 6px; border-radius: 0px 5px 5px 0px [radio=beta] updateState  beta @ https://manager.eu.ovhcloud.com/assets/index-D8Id-mUt.js:49
[11368816ms] [LOG] %cODS %cOdsRadioController color: white;background:#004fd6;font-weight: bold; font-size:10px; padding:2px 6px; border-radius: 5px 0px 0px 5px color: black;background:#d4e0e7;font-weight: bold; font-size:10px; padding:2px 6px; border-radius: 0px 5px 5px 0px [radio=classic] checked changed. update child {checked: true} @ https://manager.eu.ovhcloud.com/assets/index-D8Id-mUt.js:49
[11368816ms] [LOG] %cODS %cOdsRadioController color: white;background:#004fd6;font-weight: bold; font-size:10px; padding:2px 6px; border-radius: 5px 0px 0px 5px color: black;background:#d4e0e7;font-weight: bold; font-size:10px; padding:2px 6px; border-radius: 0px 5px 5px 0px [radio=classic] disabled changed. update child {disabled: false} @ https://manager.eu.ovhcloud.com/assets/index-D8Id-mUt.js:49
[11368816ms] [LOG] %cODS %cOdsRadioController color: white;background:#004fd6;font-weight: bold; font-size:10px; padding:2px 6px; border-radius: 5px 0px 0px 5px color: black;background:#d4e0e7;font-weight: bold; font-size:10px; padding:2px 6px; border-radius: 0px 5px 5px 0px [radio=beta] checked changed. update child {checked: false} @ https://manager.eu.ovhcloud.com/assets/index-D8Id-mUt.js:49
[11368816ms] [LOG] %cODS %cOdsRadioController color: white;background:#004fd6;font-weight: bold; font-size:10px; padding:2px 6px; border-radius: 5px 0px 0px 5px color: black;background:#d4e0e7;font-weight: bold; font-size:10px; padding:2px 6px; border-radius: 0px 5px 5px 0px [radio=beta] disabled changed. update child {disabled: false} @ https://manager.eu.ovhcloud.com/assets/index-D8Id-mUt.js:49
[11368981ms] [INFO] Loading fallback language: fr_FR for namespace: clipboard @ https://manager.eu.ovhcloud.com/web-domains/assets/index-H7flEYcH.js:575
[11368981ms] [INFO] Loading fallback language: fr_FR for namespace: card @ https://manager.eu.ovhcloud.com/web-domains/assets/index-H7flEYcH.js:575
[11368982ms] [INFO] Loading fallback language: fr_FR for namespace: price @ https://manager.eu.ovhcloud.com/web-domains/assets/index-H7flEYcH.js:575
[11368982ms] [INFO] Loading fallback language: fr_FR for namespace: buttons @ https://manager.eu.ovhcloud.com/web-domains/assets/index-H7flEYcH.js:575
[11368982ms] [INFO] Loading fallback language: fr_FR for namespace: iam @ https://manager.eu.ovhcloud.com/web-domains/assets/index-H7flEYcH.js:575
[11368982ms] [INFO] Loading fallback language: fr_FR for namespace: error @ https://manager.eu.ovhcloud.com/web-domains/assets/index-H7flEYcH.js:575
[11368982ms] [INFO] Loading fallback language: fr_FR for namespace: delete-modal @ https://manager.eu.ovhcloud.com/web-domains/assets/index-H7flEYcH.js:575
[11368982ms] [INFO] Loading fallback language: fr_FR for namespace: update-name-modal @ https://manager.eu.ovhcloud.com/web-domains/assets/index-H7flEYcH.js:575
[11368982ms] [INFO] Loading fallback language: fr_FR for namespace: filters @ https://manager.eu.ovhcloud.com/web-domains/assets/index-H7flEYcH.js:575
[11368983ms] [INFO] Loading fallback language: fr_FR for namespace: datagrid @ https://manager.eu.ovhcloud.com/web-domains/assets/index-H7flEYcH.js:575
[11368983ms] [INFO] Loading fallback language: fr_FR for namespace: drawer @ https://manager.eu.ovhcloud.com/web-domains/assets/index-H7flEYcH.js:575
[11368983ms] [INFO] Loading fallback language: fr_FR for namespace: pci-guides-header @ https://manager.eu.ovhcloud.com/web-domains/assets/index-H7flEYcH.js:575
[11368983ms] [INFO] Loading fallback language: fr_FR for namespace: iam @ https://manager.eu.ovhcloud.com/web-domains/assets/index-H7flEYcH.js:575
[11368983ms] [INFO] Loading fallback language: fr_FR for namespace: pci-maintenance-banner @ https://manager.eu.ovhcloud.com/web-domains/assets/index-H7flEYcH.js:575
[11368983ms] [INFO] Loading fallback language: fr_FR for namespace: region @ https://manager.eu.ovhcloud.com/web-domains/assets/index-H7flEYcH.js:575
[11368983ms] [INFO] Loading fallback language: fr_FR for namespace: datacenter @ https://manager.eu.ovhcloud.com/web-domains/assets/index-H7flEYcH.js:575
[11368983ms] [INFO] Loading fallback language: fr_FR for namespace: order @ https://manager.eu.ovhcloud.com/web-domains/assets/index-H7flEYcH.js:575
[11368984ms] [INFO] Loading fallback language: fr_FR for namespace: region @ https://manager.eu.ovhcloud.com/web-domains/assets/index-H7flEYcH.js:575
[11368984ms] [INFO] Loading fallback language: fr_FR for namespace: clipboard @ https://manager.eu.ovhcloud.com/web-domains/assets/index-H7flEYcH.js:575
[11368985ms] [INFO] Loading fallback language: fr_FR for namespace: card @ https://manager.eu.ovhcloud.com/web-domains/assets/index-H7flEYcH.js:575
[11368985ms] [INFO] Loading fallback language: fr_FR for namespace: price @ https://manager.eu.ovhcloud.com/web-domains/assets/index-H7flEYcH.js:575
[11368985ms] [INFO] Loading fallback language: fr_FR for namespace: buttons @ https://manager.eu.ovhcloud.com/web-domains/assets/index-H7flEYcH.js:575
[11368986ms] [INFO] Loading fallback language: fr_FR for namespace: iam @ https://manager.eu.ovhcloud.com/web-domains/assets/index-H7flEYcH.js:575
[11368986ms] [INFO] Loading fallback language: fr_FR for namespace: error @ https://manager.eu.ovhcloud.com/web-domains/assets/index-H7flEYcH.js:575
[11368987ms] [INFO] Loading fallback language: fr_FR for namespace: delete-modal @ https://manager.eu.ovhcloud.com/web-domains/assets/index-H7flEYcH.js:575
[11368987ms] [INFO] Loading fallback language: fr_FR for namespace: update-name-modal @ https://manager.eu.ovhcloud.com/web-domains/assets/index-H7flEYcH.js:575
[11368988ms] [INFO] Loading fallback language: fr_FR for namespace: filters @ https://manager.eu.ovhcloud.com/web-domains/assets/index-H7flEYcH.js:575
[11368988ms] [INFO] Loading fallback language: fr_FR for namespace: datagrid @ https://manager.eu.ovhcloud.com/web-domains/assets/index-H7flEYcH.js:575
[11368988ms] [INFO] Loading fallback language: fr_FR for namespace: drawer @ https://manager.eu.ovhcloud.com/web-domains/assets/index-H7flEYcH.js:575
[11368988ms] [INFO] Loading fallback language: fr_FR for namespace: pci-guides-header @ https://manager.eu.ovhcloud.com/web-domains/assets/index-H7flEYcH.js:575
[11368988ms] [INFO] Loading fallback language: fr_FR for namespace: iam @ https://manager.eu.ovhcloud.com/web-domains/assets/index-H7flEYcH.js:575
[11368988ms] [INFO] Loading fallback language: fr_FR for namespace: pci-maintenance-banner @ https://manager.eu.ovhcloud.com/web-domains/assets/index-H7flEYcH.js:575
[11368988ms] [INFO] Loading fallback language: fr_FR for namespace: region @ https://manager.eu.ovhcloud.com/web-domains/assets/index-H7flEYcH.js:575
[11368988ms] [INFO] Loading fallback language: fr_FR for namespace: datacenter @ https://manager.eu.ovhcloud.com/web-domains/assets/index-H7flEYcH.js:575
[11368988ms] [INFO] Loading fallback language: fr_FR for namespace: order @ https://manager.eu.ovhcloud.com/web-domains/assets/index-H7flEYcH.js:575
[11368989ms] [INFO] Loading fallback language: fr_FR for namespace: region @ https://manager.eu.ovhcloud.com/web-domains/assets/index-H7flEYcH.js:575
[11369057ms] [LOG] Language changed to: fr_FR @ https://manager.eu.ovhcloud.com/web-domains/assets/index-H7flEYcH.js:575
[11369057ms] [LOG] Language changed to: fr_FR @ https://manager.eu.ovhcloud.com/web-domains/assets/index-H7flEYcH.js:575
[11369057ms] [LOG] Language changed to: fr_FR @ https://manager.eu.ovhcloud.com/web-domains/assets/index-H7flEYcH.js:575
[11369057ms] [LOG] Language changed to: fr_FR @ https://manager.eu.ovhcloud.com/web-domains/assets/index-H7flEYcH.js:575
[11369063ms] [LOG] Language changed to: fr_FR @ https://manager.eu.ovhcloud.com/web-domains/assets/index-H7flEYcH.js:575
[11369063ms] [LOG] Language changed to: fr_FR @ https://manager.eu.ovhcloud.com/web-domains/assets/index-H7flEYcH.js:575
[11369063ms] [LOG] Language changed to: fr_FR @ https://manager.eu.ovhcloud.com/web-domains/assets/index-H7flEYcH.js:575
[11369063ms] [LOG] Language changed to: fr_FR @ https://manager.eu.ovhcloud.com/web-domains/assets/index-H7flEYcH.js:575
[11369065ms] [LOG] Language changed to: fr_FR @ https://manager.eu.ovhcloud.com/web-domains/assets/index-H7flEYcH.js:575
[11369065ms] [LOG] Language changed to: fr_FR @ https://manager.eu.ovhcloud.com/web-domains/assets/index-H7flEYcH.js:575
[11369066ms] [LOG] Language changed to: fr_FR @ https://manager.eu.ovhcloud.com/web-domains/assets/index-H7flEYcH.js:575
[11369066ms] [LOG] Language changed to: fr_FR @ https://manager.eu.ovhcloud.com/web-domains/assets/index-H7flEYcH.js:575
[11369067ms] [LOG] Language changed to: fr_FR @ https://manager.eu.ovhcloud.com/web-domains/assets/index-H7flEYcH.js:575
[11369067ms] [LOG] Language changed to: fr_FR @ https://manager.eu.ovhcloud.com/web-domains/assets/index-H7flEYcH.js:575
[11369067ms] [LOG] Language changed to: fr_FR @ https://manager.eu.ovhcloud.com/web-domains/assets/index-H7flEYcH.js:575
[11369067ms] [LOG] Language changed to: fr_FR @ https://manager.eu.ovhcloud.com/web-domains/assets/index-H7flEYcH.js:575
[11369068ms] [LOG] Language changed to: fr_FR @ https://manager.eu.ovhcloud.com/web-domains/assets/index-H7flEYcH.js:575
[11369068ms] [LOG] Language changed to: fr_FR @ https://manager.eu.ovhcloud.com/web-domains/assets/index-H7flEYcH.js:575
[11369068ms] [LOG] Language changed to: fr_FR @ https://manager.eu.ovhcloud.com/web-domains/assets/index-H7flEYcH.js:575
[11369069ms] [LOG] Language changed to: fr_FR @ https://manager.eu.ovhcloud.com/web-domains/assets/index-H7flEYcH.js:575
[11369069ms] [LOG] Language changed to: fr_FR @ https://manager.eu.ovhcloud.com/web-domains/assets/index-H7flEYcH.js:575
[11369070ms] [LOG] Language changed to: fr_FR @ https://manager.eu.ovhcloud.com/web-domains/assets/index-H7flEYcH.js:575
[11369070ms] [LOG] Language changed to: fr_FR @ https://manager.eu.ovhcloud.com/web-domains/assets/index-H7flEYcH.js:575
[11369070ms] [LOG] Language changed to: fr_FR @ https://manager.eu.ovhcloud.com/web-domains/assets/index-H7flEYcH.js:575
[11369070ms] [LOG] Language changed to: fr_FR @ https://manager.eu.ovhcloud.com/web-domains/assets/index-H7flEYcH.js:575
[11369070ms] [LOG] Language changed to: fr_FR @ https://manager.eu.ovhcloud.com/web-domains/assets/index-H7flEYcH.js:575
[11369070ms] [LOG] Language changed to: fr_FR @ https://manager.eu.ovhcloud.com/web-domains/assets/index-H7flEYcH.js:575
[11369071ms] [LOG] Language changed to: fr_FR @ https://manager.eu.ovhcloud.com/web-domains/assets/index-H7flEYcH.js:575
[11369071ms] [LOG] Language changed to: fr_FR @ https://manager.eu.ovhcloud.com/web-domains/assets/index-H7flEYcH.js:575
[11369071ms] [LOG] Language changed to: fr_FR @ https://manager.eu.ovhcloud.com/web-domains/assets/index-H7flEYcH.js:575
[11369072ms] [LOG] Language changed to: fr_FR @ https://manager.eu.ovhcloud.com/web-domains/assets/index-H7flEYcH.js:575
[11369072ms] [LOG] Language changed to: fr_FR @ https://manager.eu.ovhcloud.com/web-domains/assets/index-H7flEYcH.js:575
[11369072ms] [LOG] Language changed to: fr_FR @ https://manager.eu.ovhcloud.com/web-domains/assets/index-H7flEYcH.js:575
[11369072ms] [LOG] Language changed to: fr_FR @ https://manager.eu.ovhcloud.com/web-domains/assets/index-H7flEYcH.js:575
[11369073ms] [LOG] Language changed to: fr_FR @ https://manager.eu.ovhcloud.com/web-domains/assets/index-H7flEYcH.js:575
[11369073ms] [LOG] Language changed to: fr_FR @ https://manager.eu.ovhcloud.com/web-domains/assets/index-H7flEYcH.js:575
[11369237ms] [INFO] Loading fallback language: fr_FR for namespace: action-menu @ https://manager.eu.ovhcloud.com/web-domains/assets/index-DoP06Ul8.js:50
[11369237ms] [INFO] Loading fallback language: fr_FR for namespace: changelog-menu @ https://manager.eu.ovhcloud.com/web-domains/assets/index-DoP06Ul8.js:50
[11369237ms] [INFO] Loading fallback language: fr_FR for namespace: guide-button @ https://manager.eu.ovhcloud.com/web-domains/assets/index-DoP06Ul8.js:50
[11369239ms] [LOG] Language changed to: fr_FR @ https://manager.eu.ovhcloud.com/web-domains/assets/index-DoP06Ul8.js:50
[11369239ms] [LOG] Language changed to: fr_FR @ https://manager.eu.ovhcloud.com/web-domains/assets/index-DoP06Ul8.js:50
[11369239ms] [LOG] Language changed to: fr_FR @ https://manager.eu.ovhcloud.com/web-domains/assets/index-DoP06Ul8.js:50
[11369239ms] [LOG] Language changed to: fr_FR @ https://manager.eu.ovhcloud.com/web-domains/assets/index-DoP06Ul8.js:50
[11369239ms] [LOG] Language changed to: fr_FR @ https://manager.eu.ovhcloud.com/web-domains/assets/index-DoP06Ul8.js:50
[11369239ms] [LOG] Language changed to: fr_FR @ https://manager.eu.ovhcloud.com/web-domains/assets/index-DoP06Ul8.js:50
[11369239ms] [LOG] Language changed to: fr_FR @ https://manager.eu.ovhcloud.com/web-domains/assets/index-DoP06Ul8.js:50
[11369240ms] [LOG] Language changed to: fr_FR @ https://manager.eu.ovhcloud.com/web-domains/assets/index-DoP06Ul8.js:50
[11369240ms] [LOG] Language changed to: fr_FR @ https://manager.eu.ovhcloud.com/web-domains/assets/index-DoP06Ul8.js:50
[11369240ms] [LOG] Language changed to: fr_FR @ https://manager.eu.ovhcloud.com/web-domains/assets/index-DoP06Ul8.js:50
[11369240ms] [LOG] Language changed to: fr_FR @ https://manager.eu.ovhcloud.com/web-domains/assets/index-DoP06Ul8.js:50
[11369240ms] [LOG] Language changed to: fr_FR @ https://manager.eu.ovhcloud.com/web-domains/assets/index-DoP06Ul8.js:50
[11369265ms] [LOG] Language changed to: fr_FR @ https://manager.eu.ovhcloud.com/web-domains/assets/index-DoP06Ul8.js:50
[11369265ms] [LOG] Language changed to: fr_FR @ https://manager.eu.ovhcloud.com/web-domains/assets/index-DoP06Ul8.js:50
[11369271ms] [LOG] Language changed to: fr_FR @ https://manager.eu.ovhcloud.com/web-domains/assets/index-DoP06Ul8.js:50
[11369372ms] [ERROR] Failed to load resource: the server responded with a status of 404 () @ https://manager.eu.ovhcloud.com/web-domains/translations/web-domains/error/Messages_fr_FR.json:0
[11369722ms] [WARNING] No value or defaultValue provided. Please provide `defaultValue` or a controlled `value` @ https://manager.eu.ovhcloud.com/web-domains/assets/index-DoP06Ul8.js:50
[11369844ms] [ERROR] Failed to load resource: the server responded with a status of 404 () @ https://manager.eu.ovhcloud.com/engine/apiv6/domain/fishdex.fr/option/dnsAnycast:0
[11369963ms] [ERROR] Failed to load resource: the server responded with a status of 404 () @ https://manager.eu.ovhcloud.com/web-domains/translations/form/Messages_fr_FR.json:0
