[     137ms] [ERROR] Manifest: Line: 1, column: 1, Syntax error. @ http://localhost:3001/manifest.json:0
[    2319ms] [ERROR] Failed to load resource: net::ERR_CONNECTION_REFUSED @ http://localhost:3001/_next/static/chunks/%5Broot-of-the-server%5D__0ewni8s._.css:0
[    2334ms] [INFO] %cDownload the React DevTools for a better development experience: https://react.dev/link/react-devtools font-weight:bold @ http://localhost:3001/_next/static/chunks/node_modules_next_dist_115brz8._.js:2431
[    4678ms] [ERROR] WebSocket connection to 'ws://localhost:3001/_next/webpack-hmr?id=cwaN5Mrz3TdNP-vR0b30q' failed: Error in connection establishment: net::ERR_CONNECTION_REFUSED @ http://localhost:3001/_next/static/chunks/node_modules_next_dist_client_0fhqo1d._.js:13299
[    4694ms] [ERROR] Failed to load resource: net::ERR_CONNECTION_REFUSED @ http://localhost:3001/manifest.json:0
[    7699ms] [WARNING] The resource http://localhost:3001/_next/static/media/406d3fc8d5ec9f59-s.p.06~5xv2ritwv5.woff2 was preloaded using link preload but not used within a few seconds from the window's load event. Please make sure it has an appropriate `as` value and it is preloaded intentionally. @ http://localhost:3001/login:0
[    7699ms] [WARNING] The resource http://localhost:3001/_next/static/media/83afe278b6a6bb3c-s.p.0q-301v4kxxnr.woff2 was preloaded using link preload but not used within a few seconds from the window's load event. Please make sure it has an appropriate `as` value and it is preloaded intentionally. @ http://localhost:3001/login:0
[    7699ms] [WARNING] The resource http://localhost:3001/_next/static/media/1b99372b3eaef0c8-s.p.0gx2haw2tmll8.woff2 was preloaded using link preload but not used within a few seconds from the window's load event. Please make sure it has an appropriate `as` value and it is preloaded intentionally. @ http://localhost:3001/login:0
[    8026ms] [ERROR] WebSocket connection to 'ws://localhost:3001/_next/webpack-hmr?id=cwaN5Mrz3TdNP-vR0b30q' failed: Error in connection establishment: net::ERR_CONNECTION_REFUSED @ http://localhost:3001/_next/static/chunks/node_modules_next_dist_client_0fhqo1d._.js:13299
[   11380ms] [ERROR] WebSocket connection to 'ws://localhost:3001/_next/webpack-hmr?id=cwaN5Mrz3TdNP-vR0b30q' failed: Error in connection establishment: net::ERR_CONNECTION_REFUSED @ http://localhost:3001/_next/static/chunks/node_modules_next_dist_client_0fhqo1d._.js:13299
[   14747ms] [ERROR] WebSocket connection to 'ws://localhost:3001/_next/webpack-hmr?id=cwaN5Mrz3TdNP-vR0b30q' failed: Error in connection establishment: net::ERR_CONNECTION_REFUSED @ http://localhost:3001/_next/static/chunks/node_modules_next_dist_client_0fhqo1d._.js:13299
[   18101ms] [ERROR] WebSocket connection to 'ws://localhost:3001/_next/webpack-hmr?id=cwaN5Mrz3TdNP-vR0b30q' failed: Error in connection establishment: net::ERR_CONNECTION_REFUSED @ http://localhost:3001/_next/static/chunks/node_modules_next_dist_client_0fhqo1d._.js:13299
[   21475ms] [ERROR] WebSocket connection to 'ws://localhost:3001/_next/webpack-hmr?id=cwaN5Mrz3TdNP-vR0b30q' failed: Error in connection establishment: net::ERR_CONNECTION_REFUSED @ http://localhost:3001/_next/static/chunks/node_modules_next_dist_client_0fhqo1d._.js:13299
[   28850ms] [ERROR] WebSocket connection to 'ws://localhost:3001/_next/webpack-hmr?id=cwaN5Mrz3TdNP-vR0b30q' failed: Error in connection establishment: net::ERR_CONNECTION_REFUSED @ http://localhost:3001/_next/static/chunks/node_modules_next_dist_client_0fhqo1d._.js:13299
[   36225ms] [ERROR] WebSocket connection to 'ws://localhost:3001/_next/webpack-hmr?id=cwaN5Mrz3TdNP-vR0b30q' failed: Error in connection establishment: net::ERR_CONNECTION_REFUSED @ http://localhost:3001/_next/static/chunks/node_modules_next_dist_client_0fhqo1d._.js:13299
[   43619ms] [ERROR] WebSocket connection to 'ws://localhost:3001/_next/webpack-hmr?id=cwaN5Mrz3TdNP-vR0b30q' failed: Error in connection establishment: net::ERR_CONNECTION_REFUSED @ http://localhost:3001/_next/static/chunks/node_modules_next_dist_client_0fhqo1d._.js:13299
[   51030ms] [ERROR] WebSocket connection to 'ws://localhost:3001/_next/webpack-hmr?id=cwaN5Mrz3TdNP-vR0b30q' failed: Error in connection establishment: net::ERR_CONNECTION_REFUSED @ http://localhost:3001/_next/static/chunks/node_modules_next_dist_client_0fhqo1d._.js:13299
[   58457ms] [ERROR] WebSocket connection to 'ws://localhost:3001/_next/webpack-hmr?id=cwaN5Mrz3TdNP-vR0b30q' failed: Error in connection establishment: net::ERR_CONNECTION_REFUSED @ http://localhost:3001/_next/static/chunks/node_modules_next_dist_client_0fhqo1d._.js:13299
[   65953ms] [ERROR] WebSocket connection to 'ws://localhost:3001/_next/webpack-hmr?id=cwaN5Mrz3TdNP-vR0b30q' failed: Error in connection establishment: net::ERR_CONNECTION_REFUSED @ http://localhost:3001/_next/static/chunks/node_modules_next_dist_client_0fhqo1d._.js:13299
[   73595ms] [ERROR] WebSocket connection to 'ws://localhost:3001/_next/webpack-hmr?id=cwaN5Mrz3TdNP-vR0b30q' failed: Error in connection establishment: net::ERR_CONNECTION_REFUSED @ http://localhost:3001/_next/static/chunks/node_modules_next_dist_client_0fhqo1d._.js:13299
